<?xml version="1.0" encoding="UTF-8"?>
<testng-results ignored="2" total="5" passed="3" failed="0" skipped="0">
  <reporter-output>
  </reporter-output>
  <suite started-at="2021-11-12T18:03:24 IST" name="Default suite" finished-at="2021-11-12T18:03:31 IST" duration-ms="7114">
    <groups>
    </groups>
    <test started-at="2021-11-12T18:03:24 IST" name="Default test" finished-at="2021-11-12T18:03:31 IST" duration-ms="7114">
      <class name="com.RMGYantraProject.CreateProjectWithCreatedStatus">
        <test-method signature="CreateProjectWithCreatedStatusTest()[pri:0, instance:com.RMGYantraProject.CreateProjectWithCreatedStatus@4d465b11]" started-at="2021-11-12T18:03:30 IST" name="CreateProjectWithCreatedStatusTest" finished-at="2021-11-12T18:03:30 IST" duration-ms="314" status="PASS">
          <reporter-output>
          </reporter-output>
        </test-method> <!-- CreateProjectWithCreatedStatusTest -->
      </class> <!-- com.RMGYantraProject.CreateProjectWithCreatedStatus -->
      <class name="com.RMGYantraProject.CreateProjectWithCompletedStatus">
        <test-method is-config="true" signature="configBeforeSuite()[pri:0, instance:com.RMGYantraProject.CreateProjectWithCompletedStatus@5fbdfdcf]" started-at="2021-11-12T18:03:22 IST" name="configBeforeSuite" finished-at="2021-11-12T18:03:24 IST" duration-ms="2061" status="PASS">
          <reporter-output>
          </reporter-output>
        </test-method> <!-- configBeforeSuite -->
        <test-method signature="CreateProjectWithCompletedStatusTest()[pri:0, instance:com.RMGYantraProject.CreateProjectWithCompletedStatus@5fbdfdcf]" started-at="2021-11-12T18:03:24 IST" name="CreateProjectWithCompletedStatusTest" finished-at="2021-11-12T18:03:30 IST" duration-ms="6230" status="PASS">
          <reporter-output>
          </reporter-output>
        </test-method> <!-- CreateProjectWithCompletedStatusTest -->
        <test-method is-config="true" signature="configAfterSuite()[pri:0, instance:com.RMGYantraProject.CreateProjectWithCompletedStatus@5fbdfdcf]" started-at="2021-11-12T18:03:31 IST" name="configAfterSuite" finished-at="2021-11-12T18:03:31 IST" duration-ms="11" status="PASS">
          <reporter-output>
          </reporter-output>
        </test-method> <!-- configAfterSuite -->
      </class> <!-- com.RMGYantraProject.CreateProjectWithCompletedStatus -->
      <class name="com.RMGYantraProject.E2EScenario">
        <test-method signature="E2EScenarioTest()[pri:0, instance:com.RMGYantraProject.E2EScenario@53fdffa1]" started-at="2021-11-12T18:03:30 IST" name="E2EScenarioTest" finished-at="2021-11-12T18:03:31 IST" duration-ms="504" status="PASS">
          <reporter-output>
          </reporter-output>
        </test-method> <!-- E2EScenarioTest -->
      </class> <!-- com.RMGYantraProject.E2EScenario -->
    </test> <!-- Default test -->
  </suite> <!-- Default suite -->
</testng-results>
