<?xml version="1.0" encoding="UTF-8"?>
<!-- Generated by org.testng.reporters.JUnitXMLReporter -->
<testsuite ignored="2" hostname="VAIO" failures="0" tests="3" name="Default test" time="7.114" errors="0" timestamp="2021-11-12T18:03:31 IST">
  <testcase classname="com.RMGYantraProject.CreateProjectWithCompletedStatus" name="CreateProjectWithCompletedStatusTest" time="6.23"/>
  <testcase classname="com.RMGYantraProject.CreateProjectWithCreatedStatus" name="CreateProjectWithCreatedStatusTest" time="0.314"/>
  <testcase classname="com.RMGYantraProject.E2EScenario" name="E2EScenarioTest" time="0.504"/>
  <testcase classname="genericUtilities.APIBaseClass" name="@BeforeSuite configBeforeSuite" time="0.0">
    <ignored/>
  </testcase> <!-- @BeforeSuite configBeforeSuite -->
  <testcase classname="genericUtilities.APIBaseClass" name="@AfterSuite configAfterSuite" time="0.0">
    <ignored/>
  </testcase> <!-- @AfterSuite configAfterSuite -->
</testsuite> <!-- Default test -->
